2024-07-01 08:43:26.550 [main] INFO  org.stratpoint.service.impl.CacheServiceImpl - Added new word [water] to the wordBank
2024-07-01 08:43:26.557 [main] INFO  org.stratpoint.service.impl.CacheServiceImpl - Added new word [food] to the wordBank
2024-07-01 08:43:26.557 [main] INFO  org.stratpoint.service.impl.CacheServiceImpl - Added new word [a] to the wordBank
2024-07-01 08:43:26.557 [main] INFO  org.stratpoint.service.StoreService - Adding values an item to the store (0)
2024-07-01 08:43:26.557 [main] INFO  org.stratpoint.service.StoreService - Adding an item to the cart (0:1)
2024-07-01 08:43:26.557 [main] INFO  org.stratpoint.service.CartService - Adding stock with item (0)
2024-07-01 08:43:26.557 [main] INFO  org.stratpoint.service.impl.CacheServiceImpl - Added new word [melon] to the wordBank
2024-07-01 08:43:26.557 [main] INFO  org.stratpoint.service.impl.CacheServiceImpl - Added new word [b] to the wordBank
2024-07-01 08:43:26.557 [main] INFO  org.stratpoint.service.StoreService - Adding values an item to the store (1)
2024-07-01 08:43:26.557 [main] INFO  org.stratpoint.service.StoreService - Adding an item to the cart (1:1)
2024-07-01 08:43:26.557 [main] INFO  org.stratpoint.service.CartService - Adding stock with item (1)
2024-07-01 08:43:26.557 [main] INFO  org.stratpoint.service.impl.CacheServiceImpl - Added new word [papaya] to the wordBank
2024-07-01 08:43:26.557 [main] INFO  org.stratpoint.service.impl.CacheServiceImpl - Added new word [c] to the wordBank
2024-07-01 08:43:26.557 [main] INFO  org.stratpoint.service.StoreService - Adding values an item to the store (2)
2024-07-01 08:43:26.557 [main] INFO  org.stratpoint.service.StoreService - Adding an item to the cart (2:1)
2024-07-01 08:43:26.557 [main] INFO  org.stratpoint.service.CartService - Adding stock with item (2)
2024-07-01 08:43:26.557 [main] INFO  org.stratpoint.service.impl.CacheServiceImpl - Added new word [banana] to the wordBank
2024-07-01 08:43:26.557 [main] INFO  org.stratpoint.service.impl.CacheServiceImpl - Added new word [d] to the wordBank
2024-07-01 08:43:26.557 [main] INFO  org.stratpoint.service.StoreService - Adding values an item to the store (3)
2024-07-01 08:43:26.557 [main] INFO  org.stratpoint.service.StoreService - Adding an item to the cart (3:1)
2024-07-01 08:43:26.557 [main] INFO  org.stratpoint.service.CartService - Adding stock with item (3)
2024-07-01 08:43:26.557 [main] INFO  org.stratpoint.service.impl.CacheServiceImpl - Added new word [fruit] to the wordBank
2024-07-01 08:43:26.557 [main] INFO  org.stratpoint.service.impl.CacheServiceImpl - Added new word [e] to the wordBank
2024-07-01 08:43:26.557 [main] INFO  org.stratpoint.service.StoreService - Adding values an item to the store (4)
2024-07-01 08:43:26.557 [main] INFO  org.stratpoint.service.StoreService - Adding an item to the cart (4:1)
2024-07-01 08:43:26.557 [main] INFO  org.stratpoint.service.CartService - Adding stock with item (4)
2024-07-01 08:43:26.566 [main] INFO  org.stratpoint.service.impl.CacheServiceImpl - Added new word [salad] to the wordBank
2024-07-01 08:43:26.566 [main] INFO  org.stratpoint.service.impl.CacheServiceImpl - Added new word [f] to the wordBank
2024-07-01 08:43:26.566 [main] INFO  org.stratpoint.service.StoreService - Adding values an item to the store (5)
2024-07-01 08:43:26.566 [main] INFO  org.stratpoint.service.StoreService - Adding an item to the cart (5:1)
2024-07-01 08:43:26.566 [main] INFO  org.stratpoint.service.CartService - Adding stock with item (5)
2024-07-01 08:43:26.566 [main] INFO  org.stratpoint.service.impl.CacheServiceImpl - Added new word [things] to the wordBank
2024-07-01 08:43:26.566 [main] INFO  org.stratpoint.service.impl.CacheServiceImpl - Added new word [ingredient] to the wordBank
2024-07-01 08:43:26.566 [main] INFO  org.stratpoint.service.impl.CacheServiceImpl - Added new word [g] to the wordBank
2024-07-01 08:43:26.566 [main] INFO  org.stratpoint.service.StoreService - Adding values an item to the store (6)
2024-07-01 08:43:26.566 [main] INFO  org.stratpoint.service.StoreService - Adding an item to the cart (6:1)
2024-07-01 08:43:26.566 [main] INFO  org.stratpoint.service.CartService - Adding stock with item (6)
2024-07-01 08:43:26.566 [main] INFO  org.stratpoint.service.impl.CacheServiceImpl - Added new word [mouse] to the wordBank
2024-07-01 08:43:26.566 [main] INFO  org.stratpoint.service.impl.CacheServiceImpl - Added new word [h] to the wordBank
2024-07-01 08:43:26.568 [main] INFO  org.stratpoint.service.StoreService - Adding values an item to the store (7)
2024-07-01 08:43:26.568 [main] INFO  org.stratpoint.service.StoreService - Adding an item to the cart (7:1)
2024-07-01 08:43:26.568 [main] INFO  org.stratpoint.service.CartService - Adding stock with item (7)
2024-07-01 08:43:26.568 [main] INFO  org.stratpoint.service.impl.CacheServiceImpl - Added new word [key] to the wordBank
2024-07-01 08:43:26.568 [main] INFO  org.stratpoint.service.impl.CacheServiceImpl - Added new word [drink] to the wordBank
2024-07-01 08:43:26.568 [main] INFO  org.stratpoint.service.impl.CacheServiceImpl - Added new word [i] to the wordBank
2024-07-01 08:43:26.568 [main] INFO  org.stratpoint.service.StoreService - Adding values an item to the store (8)
2024-07-01 08:43:26.568 [main] INFO  org.stratpoint.service.StoreService - Adding an item to the cart (8:1)
2024-07-01 08:43:26.568 [main] INFO  org.stratpoint.service.CartService - Adding stock with item (8)
2024-07-01 08:43:26.574 [main] INFO  org.stratpoint.service.StoreService - Adding values an item to the store (9)
2024-07-01 08:43:26.574 [main] INFO  org.stratpoint.service.StoreService - Adding an item to the cart (0:1)
2024-07-01 08:43:26.574 [main] INFO  org.stratpoint.service.CartService - Failed to add stock with item (9)
2024-07-01 08:43:26.574 [main] INFO  org.stratpoint.service.StoreService - Adding values an item to the store (10)
2024-07-01 08:43:26.574 [main] INFO  org.stratpoint.service.StoreService - Adding an item to the cart (1:1)
2024-07-01 08:43:26.574 [main] INFO  org.stratpoint.service.CartService - Adding stock with item (10)
2024-07-01 08:43:26.574 [main] INFO  org.stratpoint.service.StoreService - Adding values an item to the store (11)
2024-07-01 08:43:26.574 [main] INFO  org.stratpoint.service.StoreService - Adding an item to the cart (2:1)
2024-07-01 08:43:26.574 [main] INFO  org.stratpoint.service.CartService - Adding stock with item (11)
2024-07-01 08:43:26.578 [main] INFO  org.stratpoint.service.StoreService - Adding values an item to the store (12)
2024-07-01 08:43:26.578 [main] INFO  org.stratpoint.service.StoreService - Adding an item to the cart (3:1)
2024-07-01 08:43:26.578 [main] INFO  org.stratpoint.service.CartService - Failed to add stock with item (12)
2024-07-01 08:43:26.578 [main] INFO  org.stratpoint.service.StoreService - Adding values an item to the store (13)
2024-07-01 08:43:26.578 [main] INFO  org.stratpoint.service.StoreService - Adding an item to the cart (4:1)
2024-07-01 08:43:26.578 [main] INFO  org.stratpoint.service.CartService - Adding stock with item (13)
2024-07-01 08:43:26.578 [main] INFO  org.stratpoint.service.StoreService - Adding values an item to the store (14)
2024-07-01 08:43:26.578 [main] INFO  org.stratpoint.service.StoreService - Adding an item to the cart (5:1)
2024-07-01 08:43:26.578 [main] INFO  org.stratpoint.service.CartService - Adding stock with item (14)
2024-07-01 08:43:26.578 [main] INFO  org.stratpoint.service.StoreService - Adding values an item to the store (15)
2024-07-01 08:43:26.578 [main] INFO  org.stratpoint.service.StoreService - Adding an item to the cart (6:1)
2024-07-01 08:43:26.578 [main] INFO  org.stratpoint.service.CartService - Failed to add stock with item (15)
2024-07-01 08:43:26.578 [main] INFO  org.stratpoint.service.StoreService - Adding values an item to the store (16)
2024-07-01 08:43:26.578 [main] INFO  org.stratpoint.service.StoreService - Adding an item to the cart (7:1)
2024-07-01 08:43:26.578 [main] INFO  org.stratpoint.service.CartService - Adding stock with item (16)
2024-07-01 08:43:26.578 [main] INFO  org.stratpoint.service.StoreService - Adding values an item to the store (17)
2024-07-01 08:43:26.578 [main] INFO  org.stratpoint.service.StoreService - Adding an item to the cart (8:1)
2024-07-01 08:43:26.578 [main] INFO  org.stratpoint.service.CartService - Adding stock with item (17)
